[19:35:19] [main/DEBUG] [FML/]: Injecting tracing printstreams for STDOUT/STDERR.
[19:35:20] [main/INFO] [FML/]: Forge Mod Loader version 8.99.124.1450 for Minecraft 1.8 loading
[19:35:20] [main/INFO] [FML/]: Java is Java HotSpot(TM) 64-Bit Server VM, version 1.8.0_51, running on Windows 8.1:amd64:6.3, installed at C:\Program Files\Java\jre1.8.0_51
[19:35:20] [main/DEBUG] [FML/]: Java classpath at launch is C:\Users\Pablo\Documents\server_TEST\server.jar
[19:35:20] [main/DEBUG] [FML/]: Java library path at launch is C:\Program Files\Java\jre1.8.0_51\bin;C:\WINDOWS\Sun\Java\bin;C:\WINDOWS\system32;C:\WINDOWS;C:/Program Files/Java/jre1.8.0_51/bin/server;C:/Program Files/Java/jre1.8.0_51/bin;C:/Program Files/Java/jre1.8.0_51/lib/amd64;C:\ProgramData\Oracle\Java\javapath;C:\Windows\system32;C:\Windows;C:\Windows\System32\Wbem;C:\Windows\System32\WindowsPowerShell\v1.0\;C:\Program Files (x86)\NVIDIA Corporation\PhysX\Common;C:\WINDOWS\system32;C:\WINDOWS;C:\WINDOWS\System32\Wbem;C:\WINDOWS\System32\WindowsPowerShell\v1.0\;C:\Program Files (x86)\Git\cmd;C:\Users\Pablo\gradle-2.4\bin;C:\Program Files (x86)\QuickTime\QTSystem\;C:\Program Files\Eclipse\java;;.
[19:35:20] [main/DEBUG] [FML/]: Enabling runtime deobfuscation
[19:35:20] [main/DEBUG] [FML/]: Instantiating coremod class FMLCorePlugin
[19:35:20] [main/DEBUG] [FML/]: Added access transformer class net.minecraftforge.fml.common.asm.transformers.AccessTransformer to enqueued access transformers
[19:35:20] [main/DEBUG] [FML/]: Enqueued coremod FMLCorePlugin
[19:35:20] [main/DEBUG] [FML/]: Instantiating coremod class FMLForgePlugin
[19:35:20] [main/DEBUG] [FML/]: Added access transformer class net.minecraftforge.transformers.ForgeAccessTransformer to enqueued access transformers
[19:35:20] [main/DEBUG] [FML/]: Enqueued coremod FMLForgePlugin
[19:35:20] [main/DEBUG] [FML/]: All fundamental core mods are successfully located
[19:35:20] [main/DEBUG] [FML/]: Attempting to load commandline specified mods, relative to C:\Users\Pablo\workspace\java\BewomServer\.
[19:35:20] [main/DEBUG] [FML/]: Discovering coremods
[19:35:20] [main/INFO] [LaunchWrapper/]: Loading tweak class name net.minecraftforge.fml.common.launcher.FMLInjectionAndSortingTweaker
[19:35:20] [main/INFO] [LaunchWrapper/]: Loading tweak class name net.minecraftforge.fml.common.launcher.FMLDeobfTweaker
[19:35:20] [main/INFO] [LaunchWrapper/]: Calling tweak class net.minecraftforge.fml.common.launcher.FMLInjectionAndSortingTweaker
[19:35:20] [main/INFO] [LaunchWrapper/]: Calling tweak class net.minecraftforge.fml.common.launcher.FMLInjectionAndSortingTweaker
[19:35:20] [main/INFO] [LaunchWrapper/]: Calling tweak class net.minecraftforge.fml.relauncher.CoreModManager$FMLPluginWrapper
[19:35:20] [main/DEBUG] [FML/]: Injecting coremod FMLCorePlugin {net.minecraftforge.fml.relauncher.FMLCorePlugin} class transformers
[19:35:20] [main/TRACE] [FML/]: Registering transformer net.minecraftforge.fml.common.asm.transformers.BlamingTransformer
[19:35:20] [main/TRACE] [FML/]: Registering transformer net.minecraftforge.fml.common.asm.transformers.MarkerTransformer
[19:35:20] [main/TRACE] [FML/]: Registering transformer net.minecraftforge.fml.common.asm.transformers.SideTransformer
[19:35:20] [main/TRACE] [FML/]: Registering transformer net.minecraftforge.fml.common.asm.transformers.EventSubscriptionTransformer
[19:35:20] [main/TRACE] [FML/]: Registering transformer net.minecraftforge.fml.common.asm.transformers.EventSubscriberTransformer
[19:35:20] [main/DEBUG] [FML/]: Injection complete
[19:35:20] [main/DEBUG] [FML/]: Running coremod plugin for FMLCorePlugin {net.minecraftforge.fml.relauncher.FMLCorePlugin}
[19:35:20] [main/DEBUG] [FML/]: Running coremod plugin FMLCorePlugin
[19:35:21] [main/DEBUG] [FML/]: Read 753 binary patches
[19:35:21] [main/INFO] [FML/]: Found valid fingerprint for Minecraft Forge. Certificate fingerprint e3c3d50c7c986df74c645c0ac54639741c90a557
[19:35:21] [main/DEBUG] [FML/]: Coremod plugin class FMLCorePlugin run successfully
[19:35:21] [main/INFO] [LaunchWrapper/]: Calling tweak class net.minecraftforge.fml.relauncher.CoreModManager$FMLPluginWrapper
[19:35:21] [main/DEBUG] [FML/]: Injecting coremod FMLForgePlugin {net.minecraftforge.classloading.FMLForgePlugin} class transformers
[19:35:21] [main/TRACE] [FML/]: Registering transformer net.minecraftforge.classloading.FluidIdTransformer
[19:35:21] [main/DEBUG] [FML/]: Injection complete
[19:35:21] [main/DEBUG] [FML/]: Running coremod plugin for FMLForgePlugin {net.minecraftforge.classloading.FMLForgePlugin}
[19:35:21] [main/DEBUG] [FML/]: Running coremod plugin FMLForgePlugin
[19:35:21] [main/DEBUG] [FML/]: Coremod plugin class FMLForgePlugin run successfully
[19:35:21] [main/INFO] [LaunchWrapper/]: Calling tweak class net.minecraftforge.fml.common.launcher.FMLDeobfTweaker
[19:35:21] [main/DEBUG] [FML/]: Loaded 60 rules from AccessTransformer config file fml_at.cfg
[19:35:21] [main/DEBUG] [FML/]: Loaded 120 rules from AccessTransformer config file forge_at.cfg
[19:35:21] [main/DEBUG] [FML/]: Validating minecraft
[19:35:22] [main/DEBUG] [FML/]: Minecraft validated, launching...
[19:35:22] [main/INFO] [LaunchWrapper/]: Loading tweak class name net.minecraftforge.fml.common.launcher.TerminalTweaker
[19:35:22] [main/INFO] [LaunchWrapper/]: Calling tweak class net.minecraftforge.fml.common.launcher.TerminalTweaker
[19:35:22] [main/INFO] [LaunchWrapper/]: Launching wrapped minecraft {net.minecraft.server.MinecraftServer}
[19:35:28] [Server thread/INFO] [MinecraftForge/]: Attempting early MinecraftForge initialization
[19:35:28] [Server thread/INFO] [FML/]: MinecraftForge v11.14.3.1450 Initialized
[19:35:28] [Server thread/INFO] [FML/]: Replaced 204 ore recipies
[19:35:28] [Server thread/INFO] [MinecraftForge/]: Completed early MinecraftForge initialization
[19:35:28] [Server thread/DEBUG] [FML/]: File C:\Users\Pablo\workspace\java\BewomServer\config\injectedDependencies.json not found. No dependencies injected
[19:35:28] [Server thread/DEBUG] [FML/]: Building injected Mod Containers [net.minecraftforge.fml.common.FMLContainer, net.minecraftforge.common.ForgeModContainer]
[19:35:28] [Server thread/DEBUG] [FML/]: Attempting to load mods contained in the minecraft jar file and associated classes
[19:35:28] [Server thread/DEBUG] [FML/]: Minecraft is a file at C:\Users\Pablo\Documents\server_TEST\server.jar, loading
[19:35:28] [Server thread/DEBUG] [FML/]: Minecraft jar mods loaded successfully
[19:35:28] [Server thread/INFO] [FML/]: Found 0 mods from the command line. Injecting into mod discoverer
[19:35:28] [Server thread/INFO] [FML/]: Searching C:\Users\Pablo\workspace\java\BewomServer\mods for mods
[19:35:28] [Server thread/DEBUG] [FML/]: Examining file server.jar for potential mods
[19:35:28] [Server thread/DEBUG] [FML/]: The mod container server.jar appears to be missing an mcmod.info file
